\BOOKMARK [-1][-]{part.1}{I Proleg\363meno}{}
\BOOKMARK [0][-]{chapter.1}{Introducci\363n}{part.1}
\BOOKMARK [1][-]{section.1.1}{Motivaci\363n}{chapter.1}
\BOOKMARK [1][-]{section.1.2}{Objetivos y alcance del proyecto}{chapter.1}
\BOOKMARK [1][-]{section.1.3}{Organizaci\363n del documento}{chapter.1}
\BOOKMARK [0][-]{chapter.2}{Planificaci\363n}{part.1}
\BOOKMARK [1][-]{section.2.1}{Metodolog\355a de desarrollo}{chapter.2}
\BOOKMARK [1][-]{section.2.2}{Planificaci\363n del proyecto}{chapter.2}
\BOOKMARK [-1][-]{part.2}{II Desarrollo}{}
\BOOKMARK [0][-]{chapter.3}{An\341lisis de Requisitos}{part.2}
\BOOKMARK [1][-]{section.3.1}{Cat\341logo de actores}{chapter.3}
\BOOKMARK [1][-]{section.3.2}{Requisitos funcionales}{chapter.3}
\BOOKMARK [1][-]{section.3.3}{An\341lisis}{chapter.3}
\BOOKMARK [2][-]{subsection.3.3.1}{Modelos de casos de uso}{section.3.3}
\BOOKMARK [2][-]{subsection.3.3.2}{Modelos conceptual de datos.}{section.3.3}
\BOOKMARK [0][-]{chapter.4}{Dise\361o del Sistema}{part.2}
\BOOKMARK [1][-]{section.4.1}{Dise\361o de la capa de gesti\363n de datos}{chapter.4}
\BOOKMARK [2][-]{subsection.4.1.1}{Invocaci\363n de consultas SQL}{section.4.1}
\BOOKMARK [1][-]{section.4.2}{Dise\361o de la capa de dominio}{chapter.4}
\BOOKMARK [2][-]{subsection.4.2.1}{Diagrama de interacci\363n}{section.4.2}
\BOOKMARK [1][-]{section.4.3}{Dise\361o de la capa de presentaci\363n}{chapter.4}
\BOOKMARK [1][-]{section.4.4}{Dise\361o de la base de datos}{chapter.4}
\BOOKMARK [2][-]{subsection.4.4.1}{Dise\361o conceptual de la base de datos}{section.4.4}
\BOOKMARK [2][-]{subsection.4.4.2}{Dise\361o l\363gico de la base de datos}{section.4.4}
\BOOKMARK [2][-]{subsection.4.4.3}{Dise\361o f\355sico de la base de datos}{section.4.4}
\BOOKMARK [0][-]{chapter.5}{Implementaci\363n del Sistema}{part.2}
\BOOKMARK [1][-]{section.5.1}{Entorno tecnol\363gico}{chapter.5}
\BOOKMARK [1][-]{section.5.2}{C\363digo fuente}{chapter.5}
\BOOKMARK [1][-]{section.5.3}{Problemas ocurridos durante la implementaci\363n}{chapter.5}
\BOOKMARK [0][-]{chapter.6}{Pruebas del Sistema}{part.2}
\BOOKMARK [1][-]{section.6.1}{Pruebas de caja negra}{chapter.6}
\BOOKMARK [2][-]{subsection.6.1.1}{Independientes}{section.6.1}
\BOOKMARK [2][-]{subsection.6.1.2}{Sobre subsistemas}{section.6.1}
\BOOKMARK [1][-]{section.6.2}{Pruebas de caja blanca}{chapter.6}
\BOOKMARK [1][-]{section.6.3}{Pruebas de sistema}{chapter.6}
\BOOKMARK [1][-]{section.6.4}{Pruebas sobre la interfaz}{chapter.6}
\BOOKMARK [2][-]{subsection.6.4.1}{Limitaci\363n en el tipo de campo}{section.6.4}
\BOOKMARK [2][-]{subsection.6.4.2}{Limitaci\363n en la longitud de los campos}{section.6.4}
\BOOKMARK [2][-]{subsection.6.4.3}{Limitaci\363n con respecto a campos vac\355os}{section.6.4}
\BOOKMARK [1][-]{section.6.5}{Pruebas de aceptaci\363n}{chapter.6}
\BOOKMARK [-1][-]{part.3}{III Ep\355logo}{}
\BOOKMARK [0][-]{chapter.7}{Manual de usuario}{part.3}
\BOOKMARK [1][-]{section.7.1}{Introducci\363n}{chapter.7}
\BOOKMARK [1][-]{section.7.2}{Utilizaci\363n}{chapter.7}
\BOOKMARK [2][-]{subsection.7.2.1}{Barra de men\372 superior}{section.7.2}
\BOOKMARK [2][-]{subsection.7.2.2}{Pesta\361as interiores de informaci\363n e interactuaci\363n}{section.7.2}
\BOOKMARK [0][-]{chapter.8}{Manual de instalaci\363n y explotaci\363n}{part.3}
\BOOKMARK [1][-]{section.8.1}{Requisitos previos}{chapter.8}
\BOOKMARK [1][-]{section.8.2}{Procedimientos de instalaci\363n}{chapter.8}
\BOOKMARK [1][-]{section.8.3}{Puesta en funcionamiento}{chapter.8}
\BOOKMARK [0][-]{chapter.9}{Conclusiones}{part.3}
\BOOKMARK [1][-]{section.9.1}{Objetivos}{chapter.9}
\BOOKMARK [1][-]{section.9.2}{Lecciones aprendidas}{chapter.9}
\BOOKMARK [1][-]{section.9.3}{Trabajo futuro}{chapter.9}
\BOOKMARK [0][-]{chapter*.17}{Bibliograf\355a}{part.3}
\BOOKMARK [0][-]{section*.18}{Informaci\363n sobre Licencia}{part.3}
\BOOKMARK [0][-]{section*.19}{GNU Free Documentation License}{part.3}
\BOOKMARK [1][-]{section*.20}{1. APPLICABILITY AND DEFINITIONS}{section*.19}
\BOOKMARK [1][-]{section*.21}{2. VERBATIM COPYING}{section*.19}
\BOOKMARK [1][-]{section*.22}{3. COPYING IN QUANTITY}{section*.19}
\BOOKMARK [1][-]{section*.23}{4. MODIFICATIONS}{section*.19}
\BOOKMARK [1][-]{section*.24}{5. COMBINING DOCUMENTS}{section*.19}
\BOOKMARK [1][-]{section*.25}{6. COLLECTIONS OF DOCUMENTS}{section*.19}
\BOOKMARK [1][-]{section*.26}{7. AGGREGATION WITH INDEPENDENT WORKS}{section*.19}
\BOOKMARK [1][-]{section*.27}{8. TRANSLATION}{section*.19}
\BOOKMARK [1][-]{section*.28}{9. TERMINATION}{section*.19}
\BOOKMARK [1][-]{section*.29}{10. FUTURE REVISIONS OF THIS LICENSE}{section*.19}
\BOOKMARK [1][-]{section*.30}{11. RELICENSING}{section*.19}
\BOOKMARK [1][-]{section*.31}{ADDENDUM: How to use this License for your documents}{section*.19}
